Unity Editor version:    2020.3.29f1 (2ff179115da0)
Branch:                  2020.3/staging
Build type:              Release
Batch mode:              YES
macOS version:           Version 12.1 (Build 21C52)
Darwin version:          21.2.0
Architecture:            x86_64
Running under Rosetta:   YES
Available memory:        16384 MB
Using pre-set license
Pro License: NO

COMMAND LINE ARGUMENTS:
/Applications/Unity/Hub/Editor/2020.3.29f1/Unity.app/Contents/MacOS/Unity
-adb2
-batchMode
-noUpm
-name
AssetImportWorker0
-projectPath
/Users/paulanandes/Documents/GitHub/TareaAA3_SunnyLand/SunnyLandProject
-logFile
Logs/AssetImportWorker0.log
-srvPort
50690
Successfully changed project path to: /Users/paulanandes/Documents/GitHub/TareaAA3_SunnyLand/SunnyLandProject
/Users/paulanandes/Documents/GitHub/TareaAA3_SunnyLand/SunnyLandProject
Using Asset Import Pipeline V2.
Refreshing native plugins compatible for Editor in 39.01 ms, found 2 plugins.
Preloading 0 native plugins for Editor in 0.00 ms.
Initialize engine version: 2020.3.29f1 (2ff179115da0)
[Subsystems] Discovering subsystems at path /Applications/Unity/Hub/Editor/2020.3.29f1/Unity.app/Contents/Resources/UnitySubsystems
[Subsystems] Discovering subsystems at path /Users/paulanandes/Documents/GitHub/TareaAA3_SunnyLand/SunnyLandProject/Assets
GfxDevice: creating device client; threaded=0
2022-05-10 17:46:12.805 Unity[9177:181676] (null) preferred device: Apple M1 (high power)
2022-05-10 17:46:12.805 Unity[9177:181676] Metal devices available: 1
2022-05-10 17:46:12.805 Unity[9177:181676] 0: Apple M1 (high power)
2022-05-10 17:46:12.805 Unity[9177:181676] Using device Apple M1 (high power)
Initializing Metal device caps: Apple M1
Initialize mono
Mono path[0] = '/Applications/Unity/Hub/Editor/2020.3.29f1/Unity.app/Contents/Managed'
Mono path[1] = '/Applications/Unity/Hub/Editor/2020.3.29f1/Unity.app/Contents/MonoBleedingEdge/lib/mono/unityjit'
Mono config path = '/Applications/Unity/Hub/Editor/2020.3.29f1/Unity.app/Contents/MonoBleedingEdge/etc'
Using monoOptions --debugger-agent=transport=dt_socket,embedding=1,server=y,suspend=n,address=127.0.0.1:56177
Begin MonoManager ReloadAssembly
Registering precompiled unity dll's ...
Register platform support module: /Applications/Unity/Hub/Editor/2020.3.29f1/PlaybackEngines/WebGLSupport/UnityEditor.WebGL.Extensions.dll
Register platform support module: /Applications/Unity/Hub/Editor/2020.3.29f1/Unity.app/Contents/PlaybackEngines/MacStandaloneSupport/UnityEditor.OSXStandalone.Extensions.dll
Registered in 0.000452 seconds.
Native extension for OSXStandalone target not found
Native extension for WebGL target not found
Refreshing native plugins compatible for Editor in 38.72 ms, found 2 plugins.
Preloading 0 native plugins for Editor in 0.00 ms.
Mono: successfully reloaded assembly
- Completed reload, in  1.188 seconds
Domain Reload Profiling:
	ReloadAssembly (1201ms)
		BeginReloadAssembly (80ms)
			ExecutionOrderSort (0ms)
			DisableScriptedObjects (0ms)
			BackupInstance (0ms)
			ReleaseScriptingObjects (0ms)
			CreateAndSetChildDomain (2ms)
		EndReloadAssembly (1008ms)
			LoadAssemblies (78ms)
			RebuildTransferFunctionScriptingTraits (0ms)
			SetupTypeCache (173ms)
			ReleaseScriptCaches (0ms)
			RebuildScriptCaches (39ms)
			SetupLoadedEditorAssemblies (511ms)
				LogAssemblyErrors (0ms)
				InitializePlatformSupportModulesInManaged (13ms)
				SetLoadedEditorAssemblies (1ms)
				RefreshPlugins (39ms)
				BeforeProcessingInitializeOnLoad (22ms)
				ProcessInitializeOnLoadAttributes (320ms)
				ProcessInitializeOnLoadMethodAttributes (115ms)
				AfterProcessingInitializeOnLoad (0ms)
				EditorAssembliesLoaded (1ms)
			ExecutionOrderSort2 (0ms)
			AwakeInstancesAfterBackupRestoration (0ms)
Platform modules already initialized, skipping
Registering precompiled user dll's ...
Registered in 0.001747 seconds.
Begin MonoManager ReloadAssembly
Native extension for OSXStandalone target not found
Native extension for WebGL target not found
Refreshing native plugins compatible for Editor in 0.57 ms, found 2 plugins.
Preloading 0 native plugins for Editor in 0.00 ms.
Mono: successfully reloaded assembly
- Completed reload, in  2.027 seconds
Domain Reload Profiling:
	ReloadAssembly (2030ms)
		BeginReloadAssembly (240ms)
			ExecutionOrderSort (0ms)
			DisableScriptedObjects (32ms)
			BackupInstance (0ms)
			ReleaseScriptingObjects (0ms)
			CreateAndSetChildDomain (29ms)
		EndReloadAssembly (1703ms)
			LoadAssemblies (171ms)
			RebuildTransferFunctionScriptingTraits (0ms)
			SetupTypeCache (312ms)
			ReleaseScriptCaches (0ms)
			RebuildScriptCaches (51ms)
			SetupLoadedEditorAssemblies (936ms)
				LogAssemblyErrors (0ms)
				InitializePlatformSupportModulesInManaged (23ms)
				SetLoadedEditorAssemblies (2ms)
				RefreshPlugins (17ms)
				BeforeProcessingInitializeOnLoad (117ms)
				ProcessInitializeOnLoadAttributes (727ms)
				ProcessInitializeOnLoadMethodAttributes (50ms)
				AfterProcessingInitializeOnLoad (1ms)
				EditorAssembliesLoaded (0ms)
			ExecutionOrderSort2 (0ms)
			AwakeInstancesAfterBackupRestoration (30ms)
Platform modules already initialized, skipping
Validating Project structure ... 0.001566 seconds.
Shader import version has changed; will reimport all shaders...
Upgrading shader files ...0.002000 seconds.
Application.AssetDatabase Initial Script Refresh Start
RefreshInfo: InitialScriptRefreshV2(NoUpdateAssetOptions) scanfilter:  ... 1 filters
RefreshProfiler: Total: 0.000ms
Application.AssetDatabase Initial Script Refresh End
Application.AssetDatabase.Refresh Start
Application.AssetDatabase.Refresh End
RefreshInfo: StopAssetImportingV2(ForceSynchronousImport) scanfilter: 
RefreshProfiler: Total: 0.000ms
Launching external process: /Applications/Unity/Hub/Editor/2020.3.29f1/Unity.app/Contents/Tools/UnityShaderCompiler
Launched and connected shader compiler UnityShaderCompiler after 0.02 seconds
Initializing Unity extensions:
[C# Project] Writing /Users/paulanandes/Documents/GitHub/TareaAA3_SunnyLand/SunnyLandProject/SunnyLandProject.sln because it has changed
[C# Project] First difference on line 4

[C# Project] Current /Users/paulanandes/Documents/GitHub/TareaAA3_SunnyLand/SunnyLandProject/SunnyLandProject.sln:
[C# Project]   004: Project("{FAE04EC0-301F-11D3-BF4B-00C04F79EFBC}") = "Assembly-CSharp", "Assembly-CSharp.csproj", "{D62F1089-590B-7EB5-1DFC-CB957E7F55C7}"
[C# Project]   005: EndProject
[C# Project]   006: Global
[C# Project]   007: 	GlobalSection(SolutionConfigurationPlatforms) = preSolution
[C# Project]   008: 		Debug|Any CPU = Debug|Any CPU

[C# Project] New /Users/paulanandes/Documents/GitHub/TareaAA3_SunnyLand/SunnyLandProject/SunnyLandProject.sln:
[C# Project]   004: Project("{FAE04EC0-301F-11D3-BF4B-00C04F79EFBC}") = "UnityEngine.UI", "UnityEngine.UI.csproj", "{AB247848-2F2B-99D7-48A7-2212F3D7AACC}"
[C# Project]   005: EndProject
[C# Project]   006: Project("{FAE04EC0-301F-11D3-BF4B-00C04F79EFBC}") = "UnityEngine.TestRunner", "UnityEngine.TestRunner.csproj", "{3297C6F4-CD16-D22F-1EF9-D28EFA0C5385}"
[C# Project]   007: EndProject
[C# Project]   008: Project("{FAE04EC0-301F-11D3-BF4B-00C04F79EFBC}") = "UnityEngine.XR.LegacyInputHelpers", "UnityEngine.XR.LegacyInputHelpers.csproj", "{AEA6A03F-0BB8-C995-C25C-18DE307ADB92}"
[C# Project] Writing /Users/paulanandes/Documents/GitHub/TareaAA3_SunnyLand/SunnyLandProject/Assembly-CSharp.csproj because it has changed
[C# Project] First difference on line 631

[C# Project] Current /Users/paulanandes/Documents/GitHub/TareaAA3_SunnyLand/SunnyLandProject/Assembly-CSharp.csproj:
[C# Project]   631:  <Reference Include="Unity.VSCode.Editor">
[C# Project]   632:  <HintPath>/Users/paulanandes/Documents/GitHub/TareaAA3_SunnyLand/SunnyLandProject/Library/ScriptAssemblies/Unity.VSCode.Editor.dll</HintPath>
[C# Project]   633:  </Reference>
[C# Project]   634:  <Reference Include="Unity.2D.Tilemap.Editor">
[C# Project]   635:  <HintPath>/Users/paulanandes/Documents/GitHub/TareaAA3_SunnyLand/SunnyLandProject/Library/ScriptAssemblies/Unity.2D.Tilemap.Editor.dll</HintPath>

[C# Project] New /Users/paulanandes/Documents/GitHub/TareaAA3_SunnyLand/SunnyLandProject/Assembly-CSharp.csproj:
[C# Project]   631:   </ItemGroup>
[C# Project]   632:   <ItemGroup>
[C# Project]   633:     <ProjectReference Include="Unity.VSCode.Editor.csproj">
[C# Project]   634:       <Project>{0F7004D0-F5E0-CD58-3193-7CBB5EA155B8}</Project>
[C# Project]   635:       <Name>Unity.VSCode.Editor</Name>
2022-05-10 17:46:17.141 Unity[9177:181676] NSEventModifierFlagFunction specified to -setKeyEquivalentModifierMask: for item <NSMenuItem: 0x600002f86990 Font Asset, ke='Command-F12'>, but is only supported for system-provided menu items; will not be used
2022-05-10 17:46:17.145 Unity[9177:181676] NSEventModifierFlagFunction specified to -setKeyEquivalentModifierMask: for item <NSMenuItem: 0x600002ff99d0 Font Asset, ke='Command-F12'>, but is only supported for system-provided menu items; will not be used
========================================================================
Worker process is ready to serve import requests
Refreshing native plugins compatible for Editor in 0.37 ms, found 2 plugins.
Preloading 0 native plugins for Editor in 0.00 ms.
Unloading 1947 Unused Serialized files (Serialized files now loaded: 0)
System memory in use before: 195.0 MB.
System memory in use after: 194.1 MB.

Unloading 143 unused Assets to reduce memory usage. Loaded Objects now: 2395.
Total: 2.584000 ms (FindLiveObjects: 0.087167 ms CreateObjectMapping: 0.038584 ms MarkObjects: 2.042041 ms  DeleteObjects: 0.415500 ms)

AssetImportParameters requested are different than current active one (requested -> active):
  custom:video-decoder-ogg-theora: a1e56fd34408186e4bbccfd4996cb3dc -> 
  custom:container-muxer-webm: aa71ff27fc2769a1b78a27578f13a17b -> 
  custom:container-demuxer-webm: 4f35f7cbe854078d1ac9338744f61a02 -> 
  custom:container-demuxer-ogg: 62fdf1f143b41e24485cea50d1cbac27 -> 
  custom:video-encoder-webm-vp8: eb34c28f22e8b96e1ab97ce403110664 -> 
  custom:framework-osx-AVFoundation: e770b220cccbd017edd2c1fefb359320 -> 
  custom:video-decoder-webm-vp8: 9c59270c3fd7afecdb556c50c9e8de78 -> 
  custom:audio-decoder-ogg-vorbis: bf7c407c2cedff20999df2af8eb42d56 -> 
  custom:audio-encoder-webm-vorbis: bf7c407c2cedff20999df2af8eb42d56 -> 
========================================================================
Received Import Request.
  path: Assets/Scenes
  artifactKey: Guid(21ec1392d1598305382c753f1386b0e1) Importer(815301076,1909f56bfc062723c751e8b465ee728b)
Start importing Assets/Scenes using Guid(21ec1392d1598305382c753f1386b0e1) Importer(815301076,1909f56bfc062723c751e8b465ee728b)  -> (artifact id: '73ced5f55c5fd0858b4eddf69fc073cd') in 0.005453 seconds 
  Import took 0.007610 seconds .

========================================================================
Received Import Request.
  Time since last request: 0.000267 seconds.
  path: Assets/Scenes/Main.unity
  artifactKey: Guid(548efbe8196c7bb41a94d25d70cf82e6) Importer(815301076,1909f56bfc062723c751e8b465ee728b)
Start importing Assets/Scenes/Main.unity using Guid(548efbe8196c7bb41a94d25d70cf82e6) Importer(815301076,1909f56bfc062723c751e8b465ee728b)  -> (artifact id: 'b5d69ea8777357720e54eea1fa674e1e') in 0.013373 seconds 
  Import took 0.015258 seconds .

